<?xml version="1.0" encoding="UTF-8"?>
<!-- Generated by org.testng.reporters.JUnitReportReporter -->
<testsuite hostname="DESKTOP-DJP0FGP" failures="0" tests="1" name="Academy.EnglishTestPage" time="3.507" errors="0" timestamp="2021-12-09T23:06:27 GMT" skipped="0">
  <testcase classname="Academy.EnglishTestPage" name="testExamNavigation" time="3.507"/>
  <system-out/>
</testsuite> <!-- Academy.EnglishTestPage -->
